SF:lib/auth/model/user_mode.dart
DA:20,1
DA:39,1
DA:40,1
DA:41,1
DA:42,1
DA:43,1
DA:44,1
DA:45,1
DA:46,1
DA:47,1
DA:48,1
DA:49,1
DA:50,1
DA:51,1
DA:52,1
DA:53,1
DA:54,1
DA:55,3
DA:59,1
DA:60,1
DA:61,1
DA:62,1
DA:63,1
DA:64,1
DA:65,1
DA:66,1
DA:67,1
DA:68,1
DA:69,1
DA:70,1
DA:71,1
DA:72,1
DA:73,1
DA:74,1
DA:75,1
DA:80,1
DA:81,2
DA:82,1
DA:86,2
LF:39
LH:39
end_of_record
SF:lib/services/translation_service.dart
DA:10,1
DA:11,1
DA:15,1
DA:18,1
DA:19,1
DA:20,2
DA:21,1
DA:25,1
DA:27,2
DA:28,1
DA:30,2
DA:33,1
DA:34,1
DA:36,0
DA:42,1
DA:43,1
DA:45,1
DA:50,0
DA:51,0
DA:59,1
DA:60,1
DA:61,1
DA:63,2
DA:64,2
DA:65,1
DA:71,1
DA:75,0
DA:76,0
DA:80,0
DA:83,1
DA:84,1
DA:89,1
DA:90,2
LF:33
LH:27
end_of_record
